c:\dropbox\qud_builds\builds\1.00.55\qud\hy11\qmi\win\qcwwan\installer\driverinstaller64\x64\release\driverinstaller64.pch
c:\dropbox\qud_builds\builds\1.00.55\qud\hy11\qmi\win\qcwwan\installer\driverinstaller64\x64\release\vc140.pdb
c:\dropbox\qud_builds\builds\1.00.55\qud\hy11\qmi\win\qcwwan\installer\driverinstaller64\x64\release\stdafx.obj
c:\dropbox\qud_builds\builds\1.00.55\qud\hy11\qmi\win\qcwwan\installer\driverinstaller64\x64\release\driverinstaller64.obj
c:\dropbox\qud_builds\builds\1.00.55\qud\hy11\qmi\win\qcwwan\installer\driverinstaller64\x64\release\infdev.obj
c:\dropbox\qud_builds\builds\1.00.55\qud\hy11\qmi\win\qcwwan\installer\driverinstaller64\x64\release\devicemanagement.obj
c:\dropbox\qud_builds\builds\1.00.55\qud\hy11\qmi\win\qcwwan\installer\driverinstaller64\x64\release\db2textfile.obj
c:\dropbox\qud_builds\builds\1.00.55\qud\hy11\qmi\win\qcwwan\installer\driverinstaller64\x64\release\coreutilities.obj
c:\dropbox\qud_builds\builds\1.00.55\qud\hy11\qmi\win\qcwwan\installer\driverinstaller64\x64\release\driverinstaller64.exe
c:\dropbox\qud_builds\builds\1.00.55\qud\hy11\qmi\win\qcwwan\installer\driverinstaller64\x64\release\driverinstaller64.ipdb
c:\dropbox\qud_builds\builds\1.00.55\qud\hy11\qmi\win\qcwwan\installer\driverinstaller64\x64\release\driverinstaller64.iobj
c:\dropbox\qud_builds\builds\1.00.55\qud\hy11\qmi\win\qcwwan\installer\driverinstaller64\x64\release\driverinstaller64.pdb
c:\dropbox\qud_builds\builds\1.00.55\qud\hy11\qmi\win\qcwwan\installer\driverinstaller64\x64\release\driverinstaller64.res
c:\dropbox\qud_builds\builds\1.00.55\qud\hy11\qmi\win\qcwwan\installer\driverinstaller64\x64\release\driverin.48f73747.tlog\cl.command.1.tlog
c:\dropbox\qud_builds\builds\1.00.55\qud\hy11\qmi\win\qcwwan\installer\driverinstaller64\x64\release\driverin.48f73747.tlog\cl.read.1.tlog
c:\dropbox\qud_builds\builds\1.00.55\qud\hy11\qmi\win\qcwwan\installer\driverinstaller64\x64\release\driverin.48f73747.tlog\cl.write.1.tlog
c:\dropbox\qud_builds\builds\1.00.55\qud\hy11\qmi\win\qcwwan\installer\driverinstaller64\x64\release\driverin.48f73747.tlog\link.command.1.tlog
c:\dropbox\qud_builds\builds\1.00.55\qud\hy11\qmi\win\qcwwan\installer\driverinstaller64\x64\release\driverin.48f73747.tlog\link.read.1.tlog
c:\dropbox\qud_builds\builds\1.00.55\qud\hy11\qmi\win\qcwwan\installer\driverinstaller64\x64\release\driverin.48f73747.tlog\link.write.1.tlog
c:\dropbox\qud_builds\builds\1.00.55\qud\hy11\qmi\win\qcwwan\installer\driverinstaller64\x64\release\driverin.48f73747.tlog\rc.command.1.tlog
c:\dropbox\qud_builds\builds\1.00.55\qud\hy11\qmi\win\qcwwan\installer\driverinstaller64\x64\release\driverin.48f73747.tlog\rc.read.1.tlog
c:\dropbox\qud_builds\builds\1.00.55\qud\hy11\qmi\win\qcwwan\installer\driverinstaller64\x64\release\driverin.48f73747.tlog\rc.write.1.tlog
