z:\b\qmi\win\qcwwan\qdss\x64\release\vc140.pdb
z:\b\qmi\win\qcwwan\qdss\x64\release\qdss_dat.obj
z:\b\qmi\win\qcwwan\qdss\x64\release\qdbwt.obj
z:\b\qmi\win\qcwwan\qdss\x64\release\qdbrd.obj
z:\b\qmi\win\qcwwan\qdss\x64\release\qdbpnp.obj
z:\b\qmi\win\qcwwan\qdss\x64\release\qdbmain.obj
z:\b\qmi\win\qcwwan\qdss\x64\release\qdbdsp.obj
z:\b\qmi\win\qcwwan\qdss\x64\release\qdbdev.obj
z:\b\qmi\win\qcwwan\qdss\x64\release\qdbusb.sys
z:\b\qmi\win\qcwwan\qdss\x64\release\qdbusb.pdb
z:\b\hy11\qmi\win\qcwwan\qdss\x64\release\qdbdev.obj
z:\b\hy11\qmi\win\qcwwan\qdss\x64\release\qdbdsp.obj
z:\b\hy11\qmi\win\qcwwan\qdss\x64\release\qdbmain.obj
z:\b\hy11\qmi\win\qcwwan\qdss\x64\release\qdbpnp.obj
z:\b\hy11\qmi\win\qcwwan\qdss\x64\release\qdbrd.obj
z:\b\hy11\qmi\win\qcwwan\qdss\x64\release\qdbwt.obj
z:\b\hy11\qmi\win\qcwwan\qdss\x64\release\qdss_dat.obj
z:\b\hy11\qmi\win\qcwwan\qdss\x64\release\qdbusb.pdb
z:\b\hy11\qmi\win\qcwwan\qdss\x64\release\vc140.pdb
z:\b\hy11\qmi\win\qcwwan\qdss\x64\release\qdbusb.sys
z:\b\hy11\qmi\win\qcwwan\qdss\x64\release\qdbusb.tlog\cl.command.1.tlog
z:\b\hy11\qmi\win\qcwwan\qdss\x64\release\qdbusb.tlog\cl.read.1.tlog
z:\b\hy11\qmi\win\qcwwan\qdss\x64\release\qdbusb.tlog\cl.write.1.tlog
z:\b\hy11\qmi\win\qcwwan\qdss\x64\release\qdbusb.tlog\link.command.1.tlog
z:\b\hy11\qmi\win\qcwwan\qdss\x64\release\qdbusb.tlog\link.read.1.tlog
z:\b\hy11\qmi\win\qcwwan\qdss\x64\release\qdbusb.tlog\link.write.1.tlog
