z:\b\qmi\win\qcwwan\ndis\debug\vc140.pdb
z:\b\qmi\win\qcwwan\ndis\debug\mpoid.obj
z:\b\qmi\win\qcwwan\ndis\debug\mpmain.obj
z:\b\qmi\win\qcwwan\ndis\debug\mpip.obj
z:\b\qmi\win\qcwwan\ndis\debug\mpioc.obj
z:\b\qmi\win\qcwwan\ndis\debug\mpini.obj
z:\b\qmi\win\qcwwan\ndis\debug\usbwt.obj
z:\b\qmi\win\qcwwan\ndis\debug\usbutl.obj
z:\b\qmi\win\qcwwan\ndis\debug\usbshr.obj
z:\b\qmi\win\qcwwan\ndis\debug\usbrd.obj
z:\b\qmi\win\qcwwan\ndis\debug\usbpwr.obj
z:\b\qmi\win\qcwwan\ndis\debug\usbpnp.obj
z:\b\qmi\win\qcwwan\ndis\debug\usbmwt.obj
z:\b\qmi\win\qcwwan\ndis\debug\usbmrd.obj
z:\b\qmi\win\qcwwan\ndis\debug\usbmain.obj
z:\b\qmi\win\qcwwan\ndis\debug\usbioc.obj
z:\b\qmi\win\qcwwan\ndis\debug\usbint.obj
z:\b\qmi\win\qcwwan\ndis\debug\usbif.obj
z:\b\qmi\win\qcwwan\ndis\debug\usbenc.obj
z:\b\qmi\win\qcwwan\ndis\debug\usbdsp.obj
z:\b\qmi\win\qcwwan\ndis\debug\usbctl.obj
z:\b\qmi\win\qcwwan\ndis\debug\mpwwan.obj
z:\b\qmi\win\qcwwan\ndis\debug\mpwork.obj
z:\b\qmi\win\qcwwan\ndis\debug\mpusb.obj
z:\b\qmi\win\qcwwan\ndis\debug\mptx.obj
z:\b\qmi\win\qcwwan\ndis\debug\mprx.obj
z:\b\qmi\win\qcwwan\ndis\debug\mprequest.obj
z:\b\qmi\win\qcwwan\ndis\debug\mpqosc.obj
z:\b\qmi\win\qcwwan\ndis\debug\mpqos.obj
z:\b\qmi\win\qcwwan\ndis\debug\mpqmux.obj
z:\b\qmi\win\qcwwan\ndis\debug\mpqmi.obj
z:\b\qmi\win\qcwwan\ndis\debug\mpqctl.obj
z:\b\qmi\win\qcwwan\ndis\debug\mpparam.obj
z:\b\qmi\win\qcwwan\ndis\debug\qcusbwwan.sys
z:\b\qmi\win\qcwwan\ndis\debug\qcusbwwan.pdb
z:\b\qmi\win\qcwwan\ndis\debug\qcusbnet.res
z:\b\qmi\win\qcwwan\ndis\debug\mpini.tmh
z:\b\qmi\win\qcwwan\ndis\debug\mpioc.tmh
z:\b\qmi\win\qcwwan\ndis\debug\mpip.tmh
z:\b\qmi\win\qcwwan\ndis\debug\mpmain.tmh
z:\b\qmi\win\qcwwan\ndis\debug\mpoid.tmh
z:\b\qmi\win\qcwwan\ndis\debug\mpparam.tmh
z:\b\qmi\win\qcwwan\ndis\debug\mpqctl.tmh
z:\b\qmi\win\qcwwan\ndis\debug\mpqmi.tmh
z:\b\qmi\win\qcwwan\ndis\debug\mpqmux.tmh
z:\b\qmi\win\qcwwan\ndis\debug\mpqosc.tmh
z:\b\qmi\win\qcwwan\ndis\debug\mpqos.tmh
z:\b\qmi\win\qcwwan\ndis\debug\mprx.tmh
z:\b\qmi\win\qcwwan\ndis\debug\mprequest.tmh
z:\b\qmi\win\qcwwan\ndis\debug\mptx.tmh
z:\b\qmi\win\qcwwan\ndis\debug\mpusb.tmh
z:\b\qmi\win\qcwwan\ndis\debug\mpwwan.tmh
z:\b\qmi\win\qcwwan\ndis\debug\mpwork.tmh
z:\b\qmi\win\qcwwan\ndis\debug\usbctl.tmh
z:\b\qmi\win\qcwwan\ndis\debug\usbdsp.tmh
z:\b\qmi\win\qcwwan\ndis\debug\usbenc.tmh
z:\b\qmi\win\qcwwan\ndis\debug\usbif.tmh
z:\b\qmi\win\qcwwan\ndis\debug\usbint.tmh
z:\b\qmi\win\qcwwan\ndis\debug\usbioc.tmh
z:\b\qmi\win\qcwwan\ndis\debug\usbmain.tmh
z:\b\qmi\win\qcwwan\ndis\debug\usbmrd.tmh
z:\b\qmi\win\qcwwan\ndis\debug\usbmwt.tmh
z:\b\qmi\win\qcwwan\ndis\debug\usbpnp.tmh
z:\b\qmi\win\qcwwan\ndis\debug\usbpwr.tmh
z:\b\qmi\win\qcwwan\ndis\debug\usbrd.tmh
z:\b\qmi\win\qcwwan\ndis\debug\usbshr.tmh
z:\b\qmi\win\qcwwan\ndis\debug\usbutl.tmh
z:\b\qmi\win\qcwwan\ndis\debug\usbwt.tmh
z:\b\hy11\qmi\win\qcwwan\ndis\debug\mpini.obj
z:\b\hy11\qmi\win\qcwwan\ndis\debug\mpioc.obj
z:\b\hy11\qmi\win\qcwwan\ndis\debug\mpip.obj
z:\b\hy11\qmi\win\qcwwan\ndis\debug\mpmain.obj
z:\b\hy11\qmi\win\qcwwan\ndis\debug\mpoid.obj
z:\b\hy11\qmi\win\qcwwan\ndis\debug\mpparam.obj
z:\b\hy11\qmi\win\qcwwan\ndis\debug\mpqctl.obj
z:\b\hy11\qmi\win\qcwwan\ndis\debug\mpqmi.obj
z:\b\hy11\qmi\win\qcwwan\ndis\debug\mpqmux.obj
z:\b\hy11\qmi\win\qcwwan\ndis\debug\mpqos.obj
z:\b\hy11\qmi\win\qcwwan\ndis\debug\mpqosc.obj
z:\b\hy11\qmi\win\qcwwan\ndis\debug\mprequest.obj
z:\b\hy11\qmi\win\qcwwan\ndis\debug\mprx.obj
z:\b\hy11\qmi\win\qcwwan\ndis\debug\mptx.obj
z:\b\hy11\qmi\win\qcwwan\ndis\debug\mpusb.obj
z:\b\hy11\qmi\win\qcwwan\ndis\debug\mpwork.obj
z:\b\hy11\qmi\win\qcwwan\ndis\debug\mpwwan.obj
z:\b\hy11\qmi\win\qcwwan\ndis\debug\usbctl.obj
z:\b\hy11\qmi\win\qcwwan\ndis\debug\usbdsp.obj
z:\b\hy11\qmi\win\qcwwan\ndis\debug\usbenc.obj
z:\b\hy11\qmi\win\qcwwan\ndis\debug\usbif.obj
z:\b\hy11\qmi\win\qcwwan\ndis\debug\usbint.obj
z:\b\hy11\qmi\win\qcwwan\ndis\debug\usbioc.obj
z:\b\hy11\qmi\win\qcwwan\ndis\debug\usbmain.obj
z:\b\hy11\qmi\win\qcwwan\ndis\debug\usbmrd.obj
z:\b\hy11\qmi\win\qcwwan\ndis\debug\usbmwt.obj
z:\b\hy11\qmi\win\qcwwan\ndis\debug\usbpnp.obj
z:\b\hy11\qmi\win\qcwwan\ndis\debug\usbpwr.obj
z:\b\hy11\qmi\win\qcwwan\ndis\debug\usbrd.obj
z:\b\hy11\qmi\win\qcwwan\ndis\debug\usbshr.obj
z:\b\hy11\qmi\win\qcwwan\ndis\debug\usbutl.obj
z:\b\hy11\qmi\win\qcwwan\ndis\debug\usbwt.obj
z:\b\hy11\qmi\win\qcwwan\ndis\debug\qcusbnet.res
z:\b\hy11\qmi\win\qcwwan\ndis\debug\qcusbwwan.pdb
z:\b\hy11\qmi\win\qcwwan\ndis\debug\vc140.pdb
z:\b\hy11\qmi\win\qcwwan\ndis\debug\qcusbwwan.sys
z:\b\hy11\qmi\win\qcwwan\ndis\debug\qcusbnet.tlog\cl.command.1.tlog
z:\b\hy11\qmi\win\qcwwan\ndis\debug\qcusbnet.tlog\cl.read.1.tlog
z:\b\hy11\qmi\win\qcwwan\ndis\debug\qcusbnet.tlog\cl.write.1.tlog
z:\b\hy11\qmi\win\qcwwan\ndis\debug\qcusbnet.tlog\link.command.1.tlog
z:\b\hy11\qmi\win\qcwwan\ndis\debug\qcusbnet.tlog\link.read.1.tlog
z:\b\hy11\qmi\win\qcwwan\ndis\debug\qcusbnet.tlog\link.write.1.tlog
z:\b\hy11\qmi\win\qcwwan\ndis\debug\qcusbnet.tlog\rc.command.1.tlog
z:\b\hy11\qmi\win\qcwwan\ndis\debug\qcusbnet.tlog\rc.read.1.tlog
z:\b\hy11\qmi\win\qcwwan\ndis\debug\qcusbnet.tlog\rc.write.1.tlog
z:\b\hy11\qmi\win\qcwwan\ndis\debug\qcusbnet.tlog\tracewpp.command.1.tlog
z:\b\hy11\qmi\win\qcwwan\ndis\debug\qcusbnet.tlog\tracewpp.read.1.tlog
z:\b\hy11\qmi\win\qcwwan\ndis\debug\qcusbnet.tlog\tracewpp.write.1.tlog
