z:\b\qmi\win\qcwwan\serial\arm\debug\vc140.pdb
z:\b\qmi\win\qcwwan\serial\arm\debug\qcwt.obj
z:\b\qmi\win\qcwwan\serial\arm\debug\qcutils.obj
z:\b\qmi\win\qcwwan\serial\arm\debug\qcusb.obj
z:\b\qmi\win\qcwwan\serial\arm\debug\qcser.obj
z:\b\qmi\win\qcwwan\serial\arm\debug\qcrd.obj
z:\b\qmi\win\qcwwan\serial\arm\debug\qcpwr.obj
z:\b\qmi\win\qcwwan\serial\arm\debug\qcptdo.obj
z:\b\qmi\win\qcwwan\serial\arm\debug\qcpnp.obj
z:\b\qmi\win\qcwwan\serial\arm\debug\qcmwt.obj
z:\b\qmi\win\qcwwan\serial\arm\debug\qcmrd.obj
z:\b\qmi\win\qcwwan\serial\arm\debug\qcmgr.obj
z:\b\qmi\win\qcwwan\serial\arm\debug\qcmain.obj
z:\b\qmi\win\qcwwan\serial\arm\debug\qcint.obj
z:\b\qmi\win\qcwwan\serial\arm\debug\qcdsp.obj
z:\b\qmi\win\qcwwan\serial\arm\debug\qcdev.obj
z:\b\qmi\win\qcwwan\serial\arm\debug\qcusbser.sys
z:\b\qmi\win\qcwwan\serial\arm\debug\qcusbser.pdb
z:\b\qmi\win\qcwwan\serial\arm\debug\qcusbser.res
z:\b\qmi\win\qcwwan\serial\arm\debug\qcdev.tmh
z:\b\qmi\win\qcwwan\serial\arm\debug\qcdsp.tmh
z:\b\qmi\win\qcwwan\serial\arm\debug\qcint.tmh
z:\b\qmi\win\qcwwan\serial\arm\debug\qcmain.tmh
z:\b\qmi\win\qcwwan\serial\arm\debug\qcmgr.tmh
z:\b\qmi\win\qcwwan\serial\arm\debug\qcmrd.tmh
z:\b\qmi\win\qcwwan\serial\arm\debug\qcmwt.tmh
z:\b\qmi\win\qcwwan\serial\arm\debug\qcpnp.tmh
z:\b\qmi\win\qcwwan\serial\arm\debug\qcptdo.tmh
z:\b\qmi\win\qcwwan\serial\arm\debug\qcpwr.tmh
z:\b\qmi\win\qcwwan\serial\arm\debug\qcrd.tmh
z:\b\qmi\win\qcwwan\serial\arm\debug\qcser.tmh
z:\b\qmi\win\qcwwan\serial\arm\debug\qcusb.tmh
z:\b\qmi\win\qcwwan\serial\arm\debug\qcutils.tmh
z:\b\qmi\win\qcwwan\serial\arm\debug\qcwt.tmh
z:\b\hy11\qmi\win\qcwwan\serial\arm\debug\qcdev.obj
z:\b\hy11\qmi\win\qcwwan\serial\arm\debug\qcdsp.obj
z:\b\hy11\qmi\win\qcwwan\serial\arm\debug\qcint.obj
z:\b\hy11\qmi\win\qcwwan\serial\arm\debug\qcmain.obj
z:\b\hy11\qmi\win\qcwwan\serial\arm\debug\qcmgr.obj
z:\b\hy11\qmi\win\qcwwan\serial\arm\debug\qcmrd.obj
z:\b\hy11\qmi\win\qcwwan\serial\arm\debug\qcmwt.obj
z:\b\hy11\qmi\win\qcwwan\serial\arm\debug\qcpnp.obj
z:\b\hy11\qmi\win\qcwwan\serial\arm\debug\qcptdo.obj
z:\b\hy11\qmi\win\qcwwan\serial\arm\debug\qcpwr.obj
z:\b\hy11\qmi\win\qcwwan\serial\arm\debug\qcrd.obj
z:\b\hy11\qmi\win\qcwwan\serial\arm\debug\qcser.obj
z:\b\hy11\qmi\win\qcwwan\serial\arm\debug\qcusb.obj
z:\b\hy11\qmi\win\qcwwan\serial\arm\debug\qcutils.obj
z:\b\hy11\qmi\win\qcwwan\serial\arm\debug\qcwt.obj
z:\b\hy11\qmi\win\qcwwan\serial\arm\debug\qcusbser.res
z:\b\hy11\qmi\win\qcwwan\serial\arm\debug\qcusbser.pdb
z:\b\hy11\qmi\win\qcwwan\serial\arm\debug\vc140.pdb
z:\b\hy11\qmi\win\qcwwan\serial\arm\debug\qcusbser.sys
z:\b\hy11\qmi\win\qcwwan\serial\arm\debug\qcusbser.tlog\cl.command.1.tlog
z:\b\hy11\qmi\win\qcwwan\serial\arm\debug\qcusbser.tlog\cl.read.1.tlog
z:\b\hy11\qmi\win\qcwwan\serial\arm\debug\qcusbser.tlog\cl.write.1.tlog
z:\b\hy11\qmi\win\qcwwan\serial\arm\debug\qcusbser.tlog\link.command.1.tlog
z:\b\hy11\qmi\win\qcwwan\serial\arm\debug\qcusbser.tlog\link.read.1.tlog
z:\b\hy11\qmi\win\qcwwan\serial\arm\debug\qcusbser.tlog\link.write.1.tlog
z:\b\hy11\qmi\win\qcwwan\serial\arm\debug\qcusbser.tlog\rc.command.1.tlog
z:\b\hy11\qmi\win\qcwwan\serial\arm\debug\qcusbser.tlog\rc.read.1.tlog
z:\b\hy11\qmi\win\qcwwan\serial\arm\debug\qcusbser.tlog\rc.write.1.tlog
z:\b\hy11\qmi\win\qcwwan\serial\arm\debug\qcusbser.tlog\tracewpp.command.1.tlog
z:\b\hy11\qmi\win\qcwwan\serial\arm\debug\qcusbser.tlog\tracewpp.read.1.tlog
z:\b\hy11\qmi\win\qcwwan\serial\arm\debug\qcusbser.tlog\tracewpp.write.1.tlog
