z:\b\qmi\win\qcwwan\qdss\x64\debug\vc140.pdb
z:\b\qmi\win\qcwwan\qdss\x64\debug\qdss_dat.obj
z:\b\qmi\win\qcwwan\qdss\x64\debug\qdbwt.obj
z:\b\qmi\win\qcwwan\qdss\x64\debug\qdbrd.obj
z:\b\qmi\win\qcwwan\qdss\x64\debug\qdbpnp.obj
z:\b\qmi\win\qcwwan\qdss\x64\debug\qdbmain.obj
z:\b\qmi\win\qcwwan\qdss\x64\debug\qdbdsp.obj
z:\b\qmi\win\qcwwan\qdss\x64\debug\qdbdev.obj
z:\b\qmi\win\qcwwan\qdss\x64\debug\qdbusb.sys
z:\b\qmi\win\qcwwan\qdss\x64\debug\qdbusb.pdb
z:\b\hy11\qmi\win\qcwwan\qdss\x64\debug\qdbdev.obj
z:\b\hy11\qmi\win\qcwwan\qdss\x64\debug\qdbdsp.obj
z:\b\hy11\qmi\win\qcwwan\qdss\x64\debug\qdbmain.obj
z:\b\hy11\qmi\win\qcwwan\qdss\x64\debug\qdbpnp.obj
z:\b\hy11\qmi\win\qcwwan\qdss\x64\debug\qdbrd.obj
z:\b\hy11\qmi\win\qcwwan\qdss\x64\debug\qdbwt.obj
z:\b\hy11\qmi\win\qcwwan\qdss\x64\debug\qdss_dat.obj
z:\b\hy11\qmi\win\qcwwan\qdss\x64\debug\qdbusb.pdb
z:\b\hy11\qmi\win\qcwwan\qdss\x64\debug\vc140.pdb
z:\b\hy11\qmi\win\qcwwan\qdss\x64\debug\qdbusb.sys
z:\b\hy11\qmi\win\qcwwan\qdss\x64\debug\qdbusb.tlog\cl.command.1.tlog
z:\b\hy11\qmi\win\qcwwan\qdss\x64\debug\qdbusb.tlog\cl.read.1.tlog
z:\b\hy11\qmi\win\qcwwan\qdss\x64\debug\qdbusb.tlog\cl.write.1.tlog
z:\b\hy11\qmi\win\qcwwan\qdss\x64\debug\qdbusb.tlog\link.command.1.tlog
z:\b\hy11\qmi\win\qcwwan\qdss\x64\debug\qdbusb.tlog\link.read.1.tlog
z:\b\hy11\qmi\win\qcwwan\qdss\x64\debug\qdbusb.tlog\link.write.1.tlog
