z:\b\qmi\win\qcwwan\ndis\x64\release\vc140.pdb
z:\b\qmi\win\qcwwan\ndis\x64\release\mpoid.obj
z:\b\qmi\win\qcwwan\ndis\x64\release\mpmain.obj
z:\b\qmi\win\qcwwan\ndis\x64\release\mpip.obj
z:\b\qmi\win\qcwwan\ndis\x64\release\mpioc.obj
z:\b\qmi\win\qcwwan\ndis\x64\release\mpini.obj
z:\b\qmi\win\qcwwan\ndis\x64\release\usbwt.obj
z:\b\qmi\win\qcwwan\ndis\x64\release\usbutl.obj
z:\b\qmi\win\qcwwan\ndis\x64\release\usbshr.obj
z:\b\qmi\win\qcwwan\ndis\x64\release\usbrd.obj
z:\b\qmi\win\qcwwan\ndis\x64\release\usbpwr.obj
z:\b\qmi\win\qcwwan\ndis\x64\release\usbpnp.obj
z:\b\qmi\win\qcwwan\ndis\x64\release\usbmwt.obj
z:\b\qmi\win\qcwwan\ndis\x64\release\usbmrd.obj
z:\b\qmi\win\qcwwan\ndis\x64\release\usbmain.obj
z:\b\qmi\win\qcwwan\ndis\x64\release\usbioc.obj
z:\b\qmi\win\qcwwan\ndis\x64\release\usbint.obj
z:\b\qmi\win\qcwwan\ndis\x64\release\usbif.obj
z:\b\qmi\win\qcwwan\ndis\x64\release\usbenc.obj
z:\b\qmi\win\qcwwan\ndis\x64\release\usbdsp.obj
z:\b\qmi\win\qcwwan\ndis\x64\release\usbctl.obj
z:\b\qmi\win\qcwwan\ndis\x64\release\mpwwan.obj
z:\b\qmi\win\qcwwan\ndis\x64\release\mpwork.obj
z:\b\qmi\win\qcwwan\ndis\x64\release\mpusb.obj
z:\b\qmi\win\qcwwan\ndis\x64\release\mptx.obj
z:\b\qmi\win\qcwwan\ndis\x64\release\mprx.obj
z:\b\qmi\win\qcwwan\ndis\x64\release\mprequest.obj
z:\b\qmi\win\qcwwan\ndis\x64\release\mpqosc.obj
z:\b\qmi\win\qcwwan\ndis\x64\release\mpqos.obj
z:\b\qmi\win\qcwwan\ndis\x64\release\mpqmux.obj
z:\b\qmi\win\qcwwan\ndis\x64\release\mpqmi.obj
z:\b\qmi\win\qcwwan\ndis\x64\release\mpqctl.obj
z:\b\qmi\win\qcwwan\ndis\x64\release\mpparam.obj
z:\b\qmi\win\qcwwan\ndis\x64\release\qcusbwwan.sys
z:\b\qmi\win\qcwwan\ndis\x64\release\qcusbwwan.pdb
z:\b\qmi\win\qcwwan\ndis\x64\release\qcusbnet.res
z:\b\qmi\win\qcwwan\ndis\x64\release\mpini.tmh
z:\b\qmi\win\qcwwan\ndis\x64\release\mpioc.tmh
z:\b\qmi\win\qcwwan\ndis\x64\release\mpip.tmh
z:\b\qmi\win\qcwwan\ndis\x64\release\mpmain.tmh
z:\b\qmi\win\qcwwan\ndis\x64\release\mpoid.tmh
z:\b\qmi\win\qcwwan\ndis\x64\release\mpparam.tmh
z:\b\qmi\win\qcwwan\ndis\x64\release\mpqctl.tmh
z:\b\qmi\win\qcwwan\ndis\x64\release\mpqmi.tmh
z:\b\qmi\win\qcwwan\ndis\x64\release\mpqmux.tmh
z:\b\qmi\win\qcwwan\ndis\x64\release\mpqosc.tmh
z:\b\qmi\win\qcwwan\ndis\x64\release\mpqos.tmh
z:\b\qmi\win\qcwwan\ndis\x64\release\mprx.tmh
z:\b\qmi\win\qcwwan\ndis\x64\release\mprequest.tmh
z:\b\qmi\win\qcwwan\ndis\x64\release\mptx.tmh
z:\b\qmi\win\qcwwan\ndis\x64\release\mpusb.tmh
z:\b\qmi\win\qcwwan\ndis\x64\release\mpwwan.tmh
z:\b\qmi\win\qcwwan\ndis\x64\release\mpwork.tmh
z:\b\qmi\win\qcwwan\ndis\x64\release\usbctl.tmh
z:\b\qmi\win\qcwwan\ndis\x64\release\usbdsp.tmh
z:\b\qmi\win\qcwwan\ndis\x64\release\usbenc.tmh
z:\b\qmi\win\qcwwan\ndis\x64\release\usbif.tmh
z:\b\qmi\win\qcwwan\ndis\x64\release\usbint.tmh
z:\b\qmi\win\qcwwan\ndis\x64\release\usbioc.tmh
z:\b\qmi\win\qcwwan\ndis\x64\release\usbmain.tmh
z:\b\qmi\win\qcwwan\ndis\x64\release\usbmrd.tmh
z:\b\qmi\win\qcwwan\ndis\x64\release\usbmwt.tmh
z:\b\qmi\win\qcwwan\ndis\x64\release\usbpnp.tmh
z:\b\qmi\win\qcwwan\ndis\x64\release\usbpwr.tmh
z:\b\qmi\win\qcwwan\ndis\x64\release\usbrd.tmh
z:\b\qmi\win\qcwwan\ndis\x64\release\usbshr.tmh
z:\b\qmi\win\qcwwan\ndis\x64\release\usbutl.tmh
z:\b\qmi\win\qcwwan\ndis\x64\release\usbwt.tmh
z:\b\hy11\qmi\win\qcwwan\ndis\x64\release\mpini.obj
z:\b\hy11\qmi\win\qcwwan\ndis\x64\release\mpioc.obj
z:\b\hy11\qmi\win\qcwwan\ndis\x64\release\mpip.obj
z:\b\hy11\qmi\win\qcwwan\ndis\x64\release\mpmain.obj
z:\b\hy11\qmi\win\qcwwan\ndis\x64\release\mpoid.obj
z:\b\hy11\qmi\win\qcwwan\ndis\x64\release\mpparam.obj
z:\b\hy11\qmi\win\qcwwan\ndis\x64\release\mpqctl.obj
z:\b\hy11\qmi\win\qcwwan\ndis\x64\release\mpqmi.obj
z:\b\hy11\qmi\win\qcwwan\ndis\x64\release\mpqmux.obj
z:\b\hy11\qmi\win\qcwwan\ndis\x64\release\mpqos.obj
z:\b\hy11\qmi\win\qcwwan\ndis\x64\release\mpqosc.obj
z:\b\hy11\qmi\win\qcwwan\ndis\x64\release\mprequest.obj
z:\b\hy11\qmi\win\qcwwan\ndis\x64\release\mprx.obj
z:\b\hy11\qmi\win\qcwwan\ndis\x64\release\mptx.obj
z:\b\hy11\qmi\win\qcwwan\ndis\x64\release\mpusb.obj
z:\b\hy11\qmi\win\qcwwan\ndis\x64\release\mpwork.obj
z:\b\hy11\qmi\win\qcwwan\ndis\x64\release\mpwwan.obj
z:\b\hy11\qmi\win\qcwwan\ndis\x64\release\usbctl.obj
z:\b\hy11\qmi\win\qcwwan\ndis\x64\release\usbdsp.obj
z:\b\hy11\qmi\win\qcwwan\ndis\x64\release\usbenc.obj
z:\b\hy11\qmi\win\qcwwan\ndis\x64\release\usbif.obj
z:\b\hy11\qmi\win\qcwwan\ndis\x64\release\usbint.obj
z:\b\hy11\qmi\win\qcwwan\ndis\x64\release\usbioc.obj
z:\b\hy11\qmi\win\qcwwan\ndis\x64\release\usbmain.obj
z:\b\hy11\qmi\win\qcwwan\ndis\x64\release\usbmrd.obj
z:\b\hy11\qmi\win\qcwwan\ndis\x64\release\usbmwt.obj
z:\b\hy11\qmi\win\qcwwan\ndis\x64\release\usbpnp.obj
z:\b\hy11\qmi\win\qcwwan\ndis\x64\release\usbpwr.obj
z:\b\hy11\qmi\win\qcwwan\ndis\x64\release\usbrd.obj
z:\b\hy11\qmi\win\qcwwan\ndis\x64\release\usbshr.obj
z:\b\hy11\qmi\win\qcwwan\ndis\x64\release\usbutl.obj
z:\b\hy11\qmi\win\qcwwan\ndis\x64\release\usbwt.obj
z:\b\hy11\qmi\win\qcwwan\ndis\x64\release\qcusbnet.res
z:\b\hy11\qmi\win\qcwwan\ndis\x64\release\qcusbwwan.pdb
z:\b\hy11\qmi\win\qcwwan\ndis\x64\release\vc140.pdb
z:\b\hy11\qmi\win\qcwwan\ndis\x64\release\qcusbwwan.sys
z:\b\hy11\qmi\win\qcwwan\ndis\x64\release\qcusbnet.tlog\cl.command.1.tlog
z:\b\hy11\qmi\win\qcwwan\ndis\x64\release\qcusbnet.tlog\cl.read.1.tlog
z:\b\hy11\qmi\win\qcwwan\ndis\x64\release\qcusbnet.tlog\cl.write.1.tlog
z:\b\hy11\qmi\win\qcwwan\ndis\x64\release\qcusbnet.tlog\link.command.1.tlog
z:\b\hy11\qmi\win\qcwwan\ndis\x64\release\qcusbnet.tlog\link.read.1.tlog
z:\b\hy11\qmi\win\qcwwan\ndis\x64\release\qcusbnet.tlog\link.write.1.tlog
z:\b\hy11\qmi\win\qcwwan\ndis\x64\release\qcusbnet.tlog\rc.command.1.tlog
z:\b\hy11\qmi\win\qcwwan\ndis\x64\release\qcusbnet.tlog\rc.read.1.tlog
z:\b\hy11\qmi\win\qcwwan\ndis\x64\release\qcusbnet.tlog\rc.write.1.tlog
z:\b\hy11\qmi\win\qcwwan\ndis\x64\release\qcusbnet.tlog\tracewpp.command.1.tlog
z:\b\hy11\qmi\win\qcwwan\ndis\x64\release\qcusbnet.tlog\tracewpp.read.1.tlog
z:\b\hy11\qmi\win\qcwwan\ndis\x64\release\qcusbnet.tlog\tracewpp.write.1.tlog
