z:\b\qmi\win\qcwwan\serial\release\vc140.pdb
z:\b\qmi\win\qcwwan\serial\release\qcwt.obj
z:\b\qmi\win\qcwwan\serial\release\qcutils.obj
z:\b\qmi\win\qcwwan\serial\release\qcusb.obj
z:\b\qmi\win\qcwwan\serial\release\qcser.obj
z:\b\qmi\win\qcwwan\serial\release\qcrd.obj
z:\b\qmi\win\qcwwan\serial\release\qcpwr.obj
z:\b\qmi\win\qcwwan\serial\release\qcptdo.obj
z:\b\qmi\win\qcwwan\serial\release\qcpnp.obj
z:\b\qmi\win\qcwwan\serial\release\qcmwt.obj
z:\b\qmi\win\qcwwan\serial\release\qcmrd.obj
z:\b\qmi\win\qcwwan\serial\release\qcmgr.obj
z:\b\qmi\win\qcwwan\serial\release\qcmain.obj
z:\b\qmi\win\qcwwan\serial\release\qcint.obj
z:\b\qmi\win\qcwwan\serial\release\qcdsp.obj
z:\b\qmi\win\qcwwan\serial\release\qcdev.obj
z:\b\qmi\win\qcwwan\serial\release\qcusbser.sys
z:\b\qmi\win\qcwwan\serial\release\qcusbser.pdb
z:\b\qmi\win\qcwwan\serial\release\qcusbser.res
z:\b\qmi\win\qcwwan\serial\release\qcdev.tmh
z:\b\qmi\win\qcwwan\serial\release\qcdsp.tmh
z:\b\qmi\win\qcwwan\serial\release\qcint.tmh
z:\b\qmi\win\qcwwan\serial\release\qcmain.tmh
z:\b\qmi\win\qcwwan\serial\release\qcmgr.tmh
z:\b\qmi\win\qcwwan\serial\release\qcmrd.tmh
z:\b\qmi\win\qcwwan\serial\release\qcmwt.tmh
z:\b\qmi\win\qcwwan\serial\release\qcpnp.tmh
z:\b\qmi\win\qcwwan\serial\release\qcptdo.tmh
z:\b\qmi\win\qcwwan\serial\release\qcpwr.tmh
z:\b\qmi\win\qcwwan\serial\release\qcrd.tmh
z:\b\qmi\win\qcwwan\serial\release\qcser.tmh
z:\b\qmi\win\qcwwan\serial\release\qcusb.tmh
z:\b\qmi\win\qcwwan\serial\release\qcutils.tmh
z:\b\qmi\win\qcwwan\serial\release\qcwt.tmh
z:\b\hy11\qmi\win\qcwwan\serial\release\qcdev.obj
z:\b\hy11\qmi\win\qcwwan\serial\release\qcdsp.obj
z:\b\hy11\qmi\win\qcwwan\serial\release\qcint.obj
z:\b\hy11\qmi\win\qcwwan\serial\release\qcmain.obj
z:\b\hy11\qmi\win\qcwwan\serial\release\qcmgr.obj
z:\b\hy11\qmi\win\qcwwan\serial\release\qcmrd.obj
z:\b\hy11\qmi\win\qcwwan\serial\release\qcmwt.obj
z:\b\hy11\qmi\win\qcwwan\serial\release\qcpnp.obj
z:\b\hy11\qmi\win\qcwwan\serial\release\qcptdo.obj
z:\b\hy11\qmi\win\qcwwan\serial\release\qcpwr.obj
z:\b\hy11\qmi\win\qcwwan\serial\release\qcrd.obj
z:\b\hy11\qmi\win\qcwwan\serial\release\qcser.obj
z:\b\hy11\qmi\win\qcwwan\serial\release\qcusb.obj
z:\b\hy11\qmi\win\qcwwan\serial\release\qcutils.obj
z:\b\hy11\qmi\win\qcwwan\serial\release\qcwt.obj
z:\b\hy11\qmi\win\qcwwan\serial\release\qcusbser.res
z:\b\hy11\qmi\win\qcwwan\serial\release\qcusbser.pdb
z:\b\hy11\qmi\win\qcwwan\serial\release\vc140.pdb
z:\b\hy11\qmi\win\qcwwan\serial\release\qcusbser.sys
z:\b\hy11\qmi\win\qcwwan\serial\release\qcusbser.tlog\cl.command.1.tlog
z:\b\hy11\qmi\win\qcwwan\serial\release\qcusbser.tlog\cl.read.1.tlog
z:\b\hy11\qmi\win\qcwwan\serial\release\qcusbser.tlog\cl.write.1.tlog
z:\b\hy11\qmi\win\qcwwan\serial\release\qcusbser.tlog\link.command.1.tlog
z:\b\hy11\qmi\win\qcwwan\serial\release\qcusbser.tlog\link.read.1.tlog
z:\b\hy11\qmi\win\qcwwan\serial\release\qcusbser.tlog\link.write.1.tlog
z:\b\hy11\qmi\win\qcwwan\serial\release\qcusbser.tlog\rc.command.1.tlog
z:\b\hy11\qmi\win\qcwwan\serial\release\qcusbser.tlog\rc.read.1.tlog
z:\b\hy11\qmi\win\qcwwan\serial\release\qcusbser.tlog\rc.write.1.tlog
z:\b\hy11\qmi\win\qcwwan\serial\release\qcusbser.tlog\tracewpp.command.1.tlog
z:\b\hy11\qmi\win\qcwwan\serial\release\qcusbser.tlog\tracewpp.read.1.tlog
z:\b\hy11\qmi\win\qcwwan\serial\release\qcusbser.tlog\tracewpp.write.1.tlog
