z:\b\qmi\win\qcwwan\ndis\x64\windowsvistarelease\vc140.pdb
z:\b\qmi\win\qcwwan\ndis\x64\windowsvistarelease\mpoid.obj
z:\b\qmi\win\qcwwan\ndis\x64\windowsvistarelease\mpmain.obj
z:\b\qmi\win\qcwwan\ndis\x64\windowsvistarelease\mpip.obj
z:\b\qmi\win\qcwwan\ndis\x64\windowsvistarelease\mpioc.obj
z:\b\qmi\win\qcwwan\ndis\x64\windowsvistarelease\mpini.obj
z:\b\qmi\win\qcwwan\ndis\x64\windowsvistarelease\usbwt.obj
z:\b\qmi\win\qcwwan\ndis\x64\windowsvistarelease\usbutl.obj
z:\b\qmi\win\qcwwan\ndis\x64\windowsvistarelease\usbshr.obj
z:\b\qmi\win\qcwwan\ndis\x64\windowsvistarelease\usbrd.obj
z:\b\qmi\win\qcwwan\ndis\x64\windowsvistarelease\usbpwr.obj
z:\b\qmi\win\qcwwan\ndis\x64\windowsvistarelease\usbpnp.obj
z:\b\qmi\win\qcwwan\ndis\x64\windowsvistarelease\usbmwt.obj
z:\b\qmi\win\qcwwan\ndis\x64\windowsvistarelease\usbmrd.obj
z:\b\qmi\win\qcwwan\ndis\x64\windowsvistarelease\usbmain.obj
z:\b\qmi\win\qcwwan\ndis\x64\windowsvistarelease\usbioc.obj
z:\b\qmi\win\qcwwan\ndis\x64\windowsvistarelease\usbint.obj
z:\b\qmi\win\qcwwan\ndis\x64\windowsvistarelease\usbif.obj
z:\b\qmi\win\qcwwan\ndis\x64\windowsvistarelease\usbenc.obj
z:\b\qmi\win\qcwwan\ndis\x64\windowsvistarelease\usbdsp.obj
z:\b\qmi\win\qcwwan\ndis\x64\windowsvistarelease\usbctl.obj
z:\b\qmi\win\qcwwan\ndis\x64\windowsvistarelease\mpwwan.obj
z:\b\qmi\win\qcwwan\ndis\x64\windowsvistarelease\mpwork.obj
z:\b\qmi\win\qcwwan\ndis\x64\windowsvistarelease\mpusb.obj
z:\b\qmi\win\qcwwan\ndis\x64\windowsvistarelease\mptx.obj
z:\b\qmi\win\qcwwan\ndis\x64\windowsvistarelease\mprx.obj
z:\b\qmi\win\qcwwan\ndis\x64\windowsvistarelease\mprequest.obj
z:\b\qmi\win\qcwwan\ndis\x64\windowsvistarelease\mpqosc.obj
z:\b\qmi\win\qcwwan\ndis\x64\windowsvistarelease\mpqos.obj
z:\b\qmi\win\qcwwan\ndis\x64\windowsvistarelease\mpqmux.obj
z:\b\qmi\win\qcwwan\ndis\x64\windowsvistarelease\mpqmi.obj
z:\b\qmi\win\qcwwan\ndis\x64\windowsvistarelease\mpqctl.obj
z:\b\qmi\win\qcwwan\ndis\x64\windowsvistarelease\mpparam.obj
z:\b\qmi\win\qcwwan\ndis\x64\windowsvistarelease\qcusbnet.sys
z:\b\qmi\win\qcwwan\ndis\x64\windowsvistarelease\qcusbnet.pdb
z:\b\qmi\win\qcwwan\ndis\x64\windowsvistarelease\qcusbnet.res
z:\b\qmi\win\qcwwan\ndis\x64\windowsvistarelease\mpini.tmh
z:\b\qmi\win\qcwwan\ndis\x64\windowsvistarelease\mpioc.tmh
z:\b\qmi\win\qcwwan\ndis\x64\windowsvistarelease\mpip.tmh
z:\b\qmi\win\qcwwan\ndis\x64\windowsvistarelease\mpmain.tmh
z:\b\qmi\win\qcwwan\ndis\x64\windowsvistarelease\mpoid.tmh
z:\b\qmi\win\qcwwan\ndis\x64\windowsvistarelease\mpparam.tmh
z:\b\qmi\win\qcwwan\ndis\x64\windowsvistarelease\mpqctl.tmh
z:\b\qmi\win\qcwwan\ndis\x64\windowsvistarelease\mpqmi.tmh
z:\b\qmi\win\qcwwan\ndis\x64\windowsvistarelease\mpqmux.tmh
z:\b\qmi\win\qcwwan\ndis\x64\windowsvistarelease\mpqosc.tmh
z:\b\qmi\win\qcwwan\ndis\x64\windowsvistarelease\mpqos.tmh
z:\b\qmi\win\qcwwan\ndis\x64\windowsvistarelease\mprx.tmh
z:\b\qmi\win\qcwwan\ndis\x64\windowsvistarelease\mprequest.tmh
z:\b\qmi\win\qcwwan\ndis\x64\windowsvistarelease\mptx.tmh
z:\b\qmi\win\qcwwan\ndis\x64\windowsvistarelease\mpusb.tmh
z:\b\qmi\win\qcwwan\ndis\x64\windowsvistarelease\mpwwan.tmh
z:\b\qmi\win\qcwwan\ndis\x64\windowsvistarelease\mpwork.tmh
z:\b\qmi\win\qcwwan\ndis\x64\windowsvistarelease\usbctl.tmh
z:\b\qmi\win\qcwwan\ndis\x64\windowsvistarelease\usbdsp.tmh
z:\b\qmi\win\qcwwan\ndis\x64\windowsvistarelease\usbenc.tmh
z:\b\qmi\win\qcwwan\ndis\x64\windowsvistarelease\usbif.tmh
z:\b\qmi\win\qcwwan\ndis\x64\windowsvistarelease\usbint.tmh
z:\b\qmi\win\qcwwan\ndis\x64\windowsvistarelease\usbioc.tmh
z:\b\qmi\win\qcwwan\ndis\x64\windowsvistarelease\usbmain.tmh
z:\b\qmi\win\qcwwan\ndis\x64\windowsvistarelease\usbmrd.tmh
z:\b\qmi\win\qcwwan\ndis\x64\windowsvistarelease\usbmwt.tmh
z:\b\qmi\win\qcwwan\ndis\x64\windowsvistarelease\usbpnp.tmh
z:\b\qmi\win\qcwwan\ndis\x64\windowsvistarelease\usbpwr.tmh
z:\b\qmi\win\qcwwan\ndis\x64\windowsvistarelease\usbrd.tmh
z:\b\qmi\win\qcwwan\ndis\x64\windowsvistarelease\usbshr.tmh
z:\b\qmi\win\qcwwan\ndis\x64\windowsvistarelease\usbutl.tmh
z:\b\qmi\win\qcwwan\ndis\x64\windowsvistarelease\usbwt.tmh
z:\b\hy11\qmi\win\qcwwan\ndis\x64\windowsvistarelease\mpini.obj
z:\b\hy11\qmi\win\qcwwan\ndis\x64\windowsvistarelease\mpioc.obj
z:\b\hy11\qmi\win\qcwwan\ndis\x64\windowsvistarelease\mpip.obj
z:\b\hy11\qmi\win\qcwwan\ndis\x64\windowsvistarelease\mpmain.obj
z:\b\hy11\qmi\win\qcwwan\ndis\x64\windowsvistarelease\mpoid.obj
z:\b\hy11\qmi\win\qcwwan\ndis\x64\windowsvistarelease\mpparam.obj
z:\b\hy11\qmi\win\qcwwan\ndis\x64\windowsvistarelease\mpqctl.obj
z:\b\hy11\qmi\win\qcwwan\ndis\x64\windowsvistarelease\mpqmi.obj
z:\b\hy11\qmi\win\qcwwan\ndis\x64\windowsvistarelease\mpqmux.obj
z:\b\hy11\qmi\win\qcwwan\ndis\x64\windowsvistarelease\mpqos.obj
z:\b\hy11\qmi\win\qcwwan\ndis\x64\windowsvistarelease\mpqosc.obj
z:\b\hy11\qmi\win\qcwwan\ndis\x64\windowsvistarelease\mprequest.obj
z:\b\hy11\qmi\win\qcwwan\ndis\x64\windowsvistarelease\mprx.obj
z:\b\hy11\qmi\win\qcwwan\ndis\x64\windowsvistarelease\mptx.obj
z:\b\hy11\qmi\win\qcwwan\ndis\x64\windowsvistarelease\mpusb.obj
z:\b\hy11\qmi\win\qcwwan\ndis\x64\windowsvistarelease\mpwork.obj
z:\b\hy11\qmi\win\qcwwan\ndis\x64\windowsvistarelease\mpwwan.obj
z:\b\hy11\qmi\win\qcwwan\ndis\x64\windowsvistarelease\usbctl.obj
z:\b\hy11\qmi\win\qcwwan\ndis\x64\windowsvistarelease\usbdsp.obj
z:\b\hy11\qmi\win\qcwwan\ndis\x64\windowsvistarelease\usbenc.obj
z:\b\hy11\qmi\win\qcwwan\ndis\x64\windowsvistarelease\usbif.obj
z:\b\hy11\qmi\win\qcwwan\ndis\x64\windowsvistarelease\usbint.obj
z:\b\hy11\qmi\win\qcwwan\ndis\x64\windowsvistarelease\usbioc.obj
z:\b\hy11\qmi\win\qcwwan\ndis\x64\windowsvistarelease\usbmain.obj
z:\b\hy11\qmi\win\qcwwan\ndis\x64\windowsvistarelease\usbmrd.obj
z:\b\hy11\qmi\win\qcwwan\ndis\x64\windowsvistarelease\usbmwt.obj
z:\b\hy11\qmi\win\qcwwan\ndis\x64\windowsvistarelease\usbpnp.obj
z:\b\hy11\qmi\win\qcwwan\ndis\x64\windowsvistarelease\usbpwr.obj
z:\b\hy11\qmi\win\qcwwan\ndis\x64\windowsvistarelease\usbrd.obj
z:\b\hy11\qmi\win\qcwwan\ndis\x64\windowsvistarelease\usbshr.obj
z:\b\hy11\qmi\win\qcwwan\ndis\x64\windowsvistarelease\usbutl.obj
z:\b\hy11\qmi\win\qcwwan\ndis\x64\windowsvistarelease\usbwt.obj
z:\b\hy11\qmi\win\qcwwan\ndis\x64\windowsvistarelease\qcusbnet.res
z:\b\hy11\qmi\win\qcwwan\ndis\x64\windowsvistarelease\qcusbnet.pdb
z:\b\hy11\qmi\win\qcwwan\ndis\x64\windowsvistarelease\vc140.pdb
z:\b\hy11\qmi\win\qcwwan\ndis\x64\windowsvistarelease\qcusbnet.sys
z:\b\hy11\qmi\win\qcwwan\ndis\x64\windowsvistarelease\qcusbnet.tlog\cl.command.1.tlog
z:\b\hy11\qmi\win\qcwwan\ndis\x64\windowsvistarelease\qcusbnet.tlog\cl.read.1.tlog
z:\b\hy11\qmi\win\qcwwan\ndis\x64\windowsvistarelease\qcusbnet.tlog\cl.write.1.tlog
z:\b\hy11\qmi\win\qcwwan\ndis\x64\windowsvistarelease\qcusbnet.tlog\link.command.1.tlog
z:\b\hy11\qmi\win\qcwwan\ndis\x64\windowsvistarelease\qcusbnet.tlog\link.read.1.tlog
z:\b\hy11\qmi\win\qcwwan\ndis\x64\windowsvistarelease\qcusbnet.tlog\link.write.1.tlog
z:\b\hy11\qmi\win\qcwwan\ndis\x64\windowsvistarelease\qcusbnet.tlog\rc.command.1.tlog
z:\b\hy11\qmi\win\qcwwan\ndis\x64\windowsvistarelease\qcusbnet.tlog\rc.read.1.tlog
z:\b\hy11\qmi\win\qcwwan\ndis\x64\windowsvistarelease\qcusbnet.tlog\rc.write.1.tlog
z:\b\hy11\qmi\win\qcwwan\ndis\x64\windowsvistarelease\qcusbnet.tlog\tracewpp.command.1.tlog
z:\b\hy11\qmi\win\qcwwan\ndis\x64\windowsvistarelease\qcusbnet.tlog\tracewpp.read.1.tlog
z:\b\hy11\qmi\win\qcwwan\ndis\x64\windowsvistarelease\qcusbnet.tlog\tracewpp.write.1.tlog
