z:\b\qmi\win\qcwwan\ndis\x64\windowsvistadebug\vc140.pdb
z:\b\qmi\win\qcwwan\ndis\x64\windowsvistadebug\mpoid.obj
z:\b\qmi\win\qcwwan\ndis\x64\windowsvistadebug\mpmain.obj
z:\b\qmi\win\qcwwan\ndis\x64\windowsvistadebug\mpip.obj
z:\b\qmi\win\qcwwan\ndis\x64\windowsvistadebug\mpioc.obj
z:\b\qmi\win\qcwwan\ndis\x64\windowsvistadebug\mpini.obj
z:\b\qmi\win\qcwwan\ndis\x64\windowsvistadebug\usbwt.obj
z:\b\qmi\win\qcwwan\ndis\x64\windowsvistadebug\usbutl.obj
z:\b\qmi\win\qcwwan\ndis\x64\windowsvistadebug\usbshr.obj
z:\b\qmi\win\qcwwan\ndis\x64\windowsvistadebug\usbrd.obj
z:\b\qmi\win\qcwwan\ndis\x64\windowsvistadebug\usbpwr.obj
z:\b\qmi\win\qcwwan\ndis\x64\windowsvistadebug\usbpnp.obj
z:\b\qmi\win\qcwwan\ndis\x64\windowsvistadebug\usbmwt.obj
z:\b\qmi\win\qcwwan\ndis\x64\windowsvistadebug\usbmrd.obj
z:\b\qmi\win\qcwwan\ndis\x64\windowsvistadebug\usbmain.obj
z:\b\qmi\win\qcwwan\ndis\x64\windowsvistadebug\usbioc.obj
z:\b\qmi\win\qcwwan\ndis\x64\windowsvistadebug\usbint.obj
z:\b\qmi\win\qcwwan\ndis\x64\windowsvistadebug\usbif.obj
z:\b\qmi\win\qcwwan\ndis\x64\windowsvistadebug\usbenc.obj
z:\b\qmi\win\qcwwan\ndis\x64\windowsvistadebug\usbdsp.obj
z:\b\qmi\win\qcwwan\ndis\x64\windowsvistadebug\usbctl.obj
z:\b\qmi\win\qcwwan\ndis\x64\windowsvistadebug\mpwwan.obj
z:\b\qmi\win\qcwwan\ndis\x64\windowsvistadebug\mpwork.obj
z:\b\qmi\win\qcwwan\ndis\x64\windowsvistadebug\mpusb.obj
z:\b\qmi\win\qcwwan\ndis\x64\windowsvistadebug\mptx.obj
z:\b\qmi\win\qcwwan\ndis\x64\windowsvistadebug\mprx.obj
z:\b\qmi\win\qcwwan\ndis\x64\windowsvistadebug\mprequest.obj
z:\b\qmi\win\qcwwan\ndis\x64\windowsvistadebug\mpqosc.obj
z:\b\qmi\win\qcwwan\ndis\x64\windowsvistadebug\mpqos.obj
z:\b\qmi\win\qcwwan\ndis\x64\windowsvistadebug\mpqmux.obj
z:\b\qmi\win\qcwwan\ndis\x64\windowsvistadebug\mpqmi.obj
z:\b\qmi\win\qcwwan\ndis\x64\windowsvistadebug\mpqctl.obj
z:\b\qmi\win\qcwwan\ndis\x64\windowsvistadebug\mpparam.obj
z:\b\qmi\win\qcwwan\ndis\x64\windowsvistadebug\qcusbnet.sys
z:\b\qmi\win\qcwwan\ndis\x64\windowsvistadebug\qcusbnet.pdb
z:\b\qmi\win\qcwwan\ndis\x64\windowsvistadebug\qcusbnet.res
z:\b\qmi\win\qcwwan\ndis\x64\windowsvistadebug\mpini.tmh
z:\b\qmi\win\qcwwan\ndis\x64\windowsvistadebug\mpioc.tmh
z:\b\qmi\win\qcwwan\ndis\x64\windowsvistadebug\mpip.tmh
z:\b\qmi\win\qcwwan\ndis\x64\windowsvistadebug\mpmain.tmh
z:\b\qmi\win\qcwwan\ndis\x64\windowsvistadebug\mpoid.tmh
z:\b\qmi\win\qcwwan\ndis\x64\windowsvistadebug\mpparam.tmh
z:\b\qmi\win\qcwwan\ndis\x64\windowsvistadebug\mpqctl.tmh
z:\b\qmi\win\qcwwan\ndis\x64\windowsvistadebug\mpqmi.tmh
z:\b\qmi\win\qcwwan\ndis\x64\windowsvistadebug\mpqmux.tmh
z:\b\qmi\win\qcwwan\ndis\x64\windowsvistadebug\mpqosc.tmh
z:\b\qmi\win\qcwwan\ndis\x64\windowsvistadebug\mpqos.tmh
z:\b\qmi\win\qcwwan\ndis\x64\windowsvistadebug\mprx.tmh
z:\b\qmi\win\qcwwan\ndis\x64\windowsvistadebug\mprequest.tmh
z:\b\qmi\win\qcwwan\ndis\x64\windowsvistadebug\mptx.tmh
z:\b\qmi\win\qcwwan\ndis\x64\windowsvistadebug\mpusb.tmh
z:\b\qmi\win\qcwwan\ndis\x64\windowsvistadebug\mpwwan.tmh
z:\b\qmi\win\qcwwan\ndis\x64\windowsvistadebug\mpwork.tmh
z:\b\qmi\win\qcwwan\ndis\x64\windowsvistadebug\usbctl.tmh
z:\b\qmi\win\qcwwan\ndis\x64\windowsvistadebug\usbdsp.tmh
z:\b\qmi\win\qcwwan\ndis\x64\windowsvistadebug\usbenc.tmh
z:\b\qmi\win\qcwwan\ndis\x64\windowsvistadebug\usbif.tmh
z:\b\qmi\win\qcwwan\ndis\x64\windowsvistadebug\usbint.tmh
z:\b\qmi\win\qcwwan\ndis\x64\windowsvistadebug\usbioc.tmh
z:\b\qmi\win\qcwwan\ndis\x64\windowsvistadebug\usbmain.tmh
z:\b\qmi\win\qcwwan\ndis\x64\windowsvistadebug\usbmrd.tmh
z:\b\qmi\win\qcwwan\ndis\x64\windowsvistadebug\usbmwt.tmh
z:\b\qmi\win\qcwwan\ndis\x64\windowsvistadebug\usbpnp.tmh
z:\b\qmi\win\qcwwan\ndis\x64\windowsvistadebug\usbpwr.tmh
z:\b\qmi\win\qcwwan\ndis\x64\windowsvistadebug\usbrd.tmh
z:\b\qmi\win\qcwwan\ndis\x64\windowsvistadebug\usbshr.tmh
z:\b\qmi\win\qcwwan\ndis\x64\windowsvistadebug\usbutl.tmh
z:\b\qmi\win\qcwwan\ndis\x64\windowsvistadebug\usbwt.tmh
z:\b\hy11\qmi\win\qcwwan\ndis\x64\windowsvistadebug\mpini.obj
z:\b\hy11\qmi\win\qcwwan\ndis\x64\windowsvistadebug\mpioc.obj
z:\b\hy11\qmi\win\qcwwan\ndis\x64\windowsvistadebug\mpip.obj
z:\b\hy11\qmi\win\qcwwan\ndis\x64\windowsvistadebug\mpmain.obj
z:\b\hy11\qmi\win\qcwwan\ndis\x64\windowsvistadebug\mpoid.obj
z:\b\hy11\qmi\win\qcwwan\ndis\x64\windowsvistadebug\mpparam.obj
z:\b\hy11\qmi\win\qcwwan\ndis\x64\windowsvistadebug\mpqctl.obj
z:\b\hy11\qmi\win\qcwwan\ndis\x64\windowsvistadebug\mpqmi.obj
z:\b\hy11\qmi\win\qcwwan\ndis\x64\windowsvistadebug\mpqmux.obj
z:\b\hy11\qmi\win\qcwwan\ndis\x64\windowsvistadebug\mpqos.obj
z:\b\hy11\qmi\win\qcwwan\ndis\x64\windowsvistadebug\mpqosc.obj
z:\b\hy11\qmi\win\qcwwan\ndis\x64\windowsvistadebug\mprequest.obj
z:\b\hy11\qmi\win\qcwwan\ndis\x64\windowsvistadebug\mprx.obj
z:\b\hy11\qmi\win\qcwwan\ndis\x64\windowsvistadebug\mptx.obj
z:\b\hy11\qmi\win\qcwwan\ndis\x64\windowsvistadebug\mpusb.obj
z:\b\hy11\qmi\win\qcwwan\ndis\x64\windowsvistadebug\mpwork.obj
z:\b\hy11\qmi\win\qcwwan\ndis\x64\windowsvistadebug\mpwwan.obj
z:\b\hy11\qmi\win\qcwwan\ndis\x64\windowsvistadebug\usbctl.obj
z:\b\hy11\qmi\win\qcwwan\ndis\x64\windowsvistadebug\usbdsp.obj
z:\b\hy11\qmi\win\qcwwan\ndis\x64\windowsvistadebug\usbenc.obj
z:\b\hy11\qmi\win\qcwwan\ndis\x64\windowsvistadebug\usbif.obj
z:\b\hy11\qmi\win\qcwwan\ndis\x64\windowsvistadebug\usbint.obj
z:\b\hy11\qmi\win\qcwwan\ndis\x64\windowsvistadebug\usbioc.obj
z:\b\hy11\qmi\win\qcwwan\ndis\x64\windowsvistadebug\usbmain.obj
z:\b\hy11\qmi\win\qcwwan\ndis\x64\windowsvistadebug\usbmrd.obj
z:\b\hy11\qmi\win\qcwwan\ndis\x64\windowsvistadebug\usbmwt.obj
z:\b\hy11\qmi\win\qcwwan\ndis\x64\windowsvistadebug\usbpnp.obj
z:\b\hy11\qmi\win\qcwwan\ndis\x64\windowsvistadebug\usbpwr.obj
z:\b\hy11\qmi\win\qcwwan\ndis\x64\windowsvistadebug\usbrd.obj
z:\b\hy11\qmi\win\qcwwan\ndis\x64\windowsvistadebug\usbshr.obj
z:\b\hy11\qmi\win\qcwwan\ndis\x64\windowsvistadebug\usbutl.obj
z:\b\hy11\qmi\win\qcwwan\ndis\x64\windowsvistadebug\usbwt.obj
z:\b\hy11\qmi\win\qcwwan\ndis\x64\windowsvistadebug\qcusbnet.res
z:\b\hy11\qmi\win\qcwwan\ndis\x64\windowsvistadebug\qcusbnet.pdb
z:\b\hy11\qmi\win\qcwwan\ndis\x64\windowsvistadebug\vc140.pdb
z:\b\hy11\qmi\win\qcwwan\ndis\x64\windowsvistadebug\qcusbnet.sys
z:\b\hy11\qmi\win\qcwwan\ndis\x64\windowsvistadebug\qcusbnet.tlog\cl.command.1.tlog
z:\b\hy11\qmi\win\qcwwan\ndis\x64\windowsvistadebug\qcusbnet.tlog\cl.read.1.tlog
z:\b\hy11\qmi\win\qcwwan\ndis\x64\windowsvistadebug\qcusbnet.tlog\cl.write.1.tlog
z:\b\hy11\qmi\win\qcwwan\ndis\x64\windowsvistadebug\qcusbnet.tlog\link.command.1.tlog
z:\b\hy11\qmi\win\qcwwan\ndis\x64\windowsvistadebug\qcusbnet.tlog\link.read.1.tlog
z:\b\hy11\qmi\win\qcwwan\ndis\x64\windowsvistadebug\qcusbnet.tlog\link.write.1.tlog
z:\b\hy11\qmi\win\qcwwan\ndis\x64\windowsvistadebug\qcusbnet.tlog\rc.command.1.tlog
z:\b\hy11\qmi\win\qcwwan\ndis\x64\windowsvistadebug\qcusbnet.tlog\rc.read.1.tlog
z:\b\hy11\qmi\win\qcwwan\ndis\x64\windowsvistadebug\qcusbnet.tlog\rc.write.1.tlog
z:\b\hy11\qmi\win\qcwwan\ndis\x64\windowsvistadebug\qcusbnet.tlog\tracewpp.command.1.tlog
z:\b\hy11\qmi\win\qcwwan\ndis\x64\windowsvistadebug\qcusbnet.tlog\tracewpp.read.1.tlog
z:\b\hy11\qmi\win\qcwwan\ndis\x64\windowsvistadebug\qcusbnet.tlog\tracewpp.write.1.tlog
